# Java VM: OpenJDK 64-Bit Server VM (11.0.2+9, mixed mode, tiered, compressed oops, g1 gc, windows-amd64)
Heap:
 garbage-first heap   total 65536K, used 32861K [0x00000000fc000000, 0x0000000100000000)
  region size 1024K, 23 young (23552K), 1 survivors (1024K)
 Metaspace       used 16976K, capacity 17299K, committed 17536K, reserved 1064960K
  class space    used 1925K, capacity 2051K, committed 2176K, reserved 1048576K
GC Heap History (6 events):
Event: 0.523 GC heap before
{Heap before GC invocations=0 (full 0):
 garbage-first heap   total 65536K, used 23552K [0x00000000fc000000, 0x0000000100000000)
  region size 1024K, 24 young (24576K), 0 survivors (0K)
 Metaspace       used 7454K, capacity 7619K, committed 7680K, reserved 1056768K
  class space    used 653K, capacity 716K, committed 768K, reserved 1048576K
}
Event: 0.528 GC heap after
{Heap after GC invocations=1 (full 0):
 garbage-first heap   total 65536K, used 1941K [0x00000000fc000000, 0x0000000100000000)
  region size 1024K, 2 young (2048K), 2 survivors (2048K)
 Metaspace       used 7454K, capacity 7619K, committed 7680K, reserved 1056768K
  class space    used 653K, capacity 716K, committed 768K, reserved 1048576K
}
Event: 1.081 GC heap before
{Heap before GC invocations=1 (full 0):
 garbage-first heap   total 65536K, used 40853K [0x00000000fc000000, 0x0000000100000000)
  region size 1024K, 38 young (38912K), 2 survivors (2048K)
 Metaspace       used 11811K, capacity 12095K, committed 12160K, reserved 1060864K
  class space    used 1254K, capacity 1358K, committed 1408K, reserved 1048576K
}
Event: 1.089 GC heap after
{Heap after GC invocations=2 (full 0):
 garbage-first heap   total 65536K, used 10385K [0x00000000fc000000, 0x0000000100000000)
  region size 1024K, 5 young (5120K), 5 survivors (5120K)
 Metaspace       used 11811K, capacity 12095K, committed 12160K, reserved 1060864K
  class space    used 1254K, capacity 1358K, committed 1408K, reserved 1048576K
}
Event: 1.758 GC heap before
{Heap before GC invocations=2 (full 0):
 garbage-first heap   total 65536K, used 42129K [0x00000000fc000000, 0x0000000100000000)
  region size 1024K, 36 young (36864K), 5 survivors (5120K)
 Metaspace       used 15095K, capacity 15381K, committed 15488K, reserved 1062912K
  class space    used 1731K, capacity 1836K, committed 1920K, reserved 1048576K
}
Event: 1.763 GC heap after
{Heap after GC invocations=3 (full 0):
 garbage-first heap   total 65536K, used 11357K [0x00000000fc000000, 0x0000000100000000)
  region size 1024K, 1 young (1024K), 1 survivors (1024K)
 Metaspace       used 15095K, capacity 15381K, committed 15488K, reserved 1062912K
  class space    used 1731K, capacity 1836K, committed 1920K, reserved 1048576K
}

